The system is: Linux - 3.10.0-862.14.4.el7.sw.x86_64 - x86_64
Compiling the C compiler identification source file "CMakeCCompilerId.c" succeeded.
Compiler: /usr/sw/mpi/mpi_current/bin/mpicc 
Build flags: 
Id flags:  

The output was:
0


Compilation of the C compiler identification source "CMakeCCompilerId.c" produced "a.out"

The C compiler identification is GNU, found in "/home/export/base/shisuan/swthhpca/online/hzd/new-atm-da/LIB/mpal/build/CMakeFiles/3.16.5/CompilerIdC/a.out"

Compiling the CXX compiler identification source file "CMakeCXXCompilerId.cpp" succeeded.
Compiler: /usr/sw/mpi/mpi_current/bin/mpicxx 
Build flags: 
Id flags:  

The output was:
0


Compilation of the CXX compiler identification source "CMakeCXXCompilerId.cpp" produced "a.out"

The CXX compiler identification is GNU, found in "/home/export/base/shisuan/swthhpca/online/hzd/new-atm-da/LIB/mpal/build/CMakeFiles/3.16.5/CompilerIdCXX/a.out"

Determining if the C compiler works passed with the following output:
Change Dir: /home/export/base/shisuan/swthhpca/online/hzd/new-atm-da/LIB/mpal/build/CMakeFiles/CMakeTmp

Run Build Command(s):/usr/bin/gmake cmTC_b4caa/fast && /usr/bin/gmake -f CMakeFiles/cmTC_b4caa.dir/build.make CMakeFiles/cmTC_b4caa.dir/build
gmake[1]: 进入目录“/home/export/online1/mdt00/shisuan/swthhpca/hzd/new-atm-da/LIB/mpal/build/CMakeFiles/CMakeTmp”
Building C object CMakeFiles/cmTC_b4caa.dir/testCCompiler.c.o
/usr/sw/mpi/mpi_current/bin/mpicc    -o CMakeFiles/cmTC_b4caa.dir/testCCompiler.c.o   -c /home/export/base/shisuan/swthhpca/online/hzd/new-atm-da/LIB/mpal/build/CMakeFiles/CMakeTmp/testCCompiler.c
Linking C executable cmTC_b4caa
/home/export/base/shisuan/swthhpca/online/DIDA-SHARE/3rdParty/cmake-3.16.5/bin/cmake -E cmake_link_script CMakeFiles/cmTC_b4caa.dir/link.txt --verbose=1
/usr/sw/mpi/mpi_current/bin/mpicc      -rdynamic CMakeFiles/cmTC_b4caa.dir/testCCompiler.c.o  -o cmTC_b4caa 
gmake[1]: 离开目录“/home/export/online1/mdt00/shisuan/swthhpca/hzd/new-atm-da/LIB/mpal/build/CMakeFiles/CMakeTmp”



Detecting C compiler ABI info compiled with the following output:
Change Dir: /home/export/base/shisuan/swthhpca/online/hzd/new-atm-da/LIB/mpal/build/CMakeFiles/CMakeTmp

Run Build Command(s):/usr/bin/gmake cmTC_9e3f2/fast && /usr/bin/gmake -f CMakeFiles/cmTC_9e3f2.dir/build.make CMakeFiles/cmTC_9e3f2.dir/build
gmake[1]: Entering directory `/home/export/online1/mdt00/shisuan/swthhpca/hzd/new-atm-da/LIB/mpal/build/CMakeFiles/CMakeTmp'
Building C object CMakeFiles/cmTC_9e3f2.dir/CMakeCCompilerABI.c.o
/usr/sw/mpi/mpi_current/bin/mpicc   -v -o CMakeFiles/cmTC_9e3f2.dir/CMakeCCompilerABI.c.o   -c /home/export/base/shisuan/swthhpca/online/DIDA-SHARE/3rdParty/cmake-3.16.5/share/cmake-3.16/Modules/CMakeCCompilerABI.c
mpicc for MPICH version 3.2b2
Reading specs from /usr/sw/swgcc/swgcc710-tools-SEA-1208/usr/bin/../lib/gcc/sw_64sw6a-sunway-linux-gnu/7.1.0/specs
COLLECT_GCC=sw9gcc
Target: sw_64sw6a-sunway-linux-gnu
Configured with: /usr1/comp9/swgcc710/gcc-7.1.0/configure --prefix=/usr1/comp9/swgcc710-tools-SEA-1208/usr --with-gmp=/usr1/comp9/swgcc710-tools-SEA-1208/usr/lib_for_gcc --with-mpfr=/usr1/comp9/swgcc710-tools-SEA-1208/usr/lib_for_gcc --with-isl=/usr1/comp9/swgcc710-tools-SEA-1208/usr/lib_for_gcc --enable-shared --enable-languages=c,c++,fortran --build=x86_64-redhat-linux --host=x86_64-redhat-linux --target=sw_64sw6a-sunway-linux-gnu --disable-multilib --enable-c99 --enable-long-long --enable-threads=posix --enable-__cxa_atexit --disable-nls --disable-libgcc_slave --disable-libgfortran_slave --disable-libstdcxx_slave --with-sysroot=/usr1/comp9/swgcc710-tools-SEA-1208 CFLAGS='-g -gdwarf-2' CXXFLAGS='-g -gdwarf-2' --disable-werror
Thread model: posix
gcc version 7.1.0 20170502 (swgcc-1208 Committer: zhuq <zhuq9@localhost.localdomain> by comp9 at localhost.localdomain on Thu Feb 18 20:32:34 CST 2021) (GCC) 
COLLECT_GCC_OPTIONS='-v' '-o' 'CMakeFiles/cmTC_9e3f2.dir/CMakeCCompilerABI.c.o' '-c' '-I' '/usr/sw/mpi/mpi_20210609_SEA/include' '-mcpu=sw6a'
 /usr/sw/swgcc/swgcc710-tools-SEA-1208/usr/bin/../libexec/gcc/sw_64sw6a-sunway-linux-gnu/7.1.0/cc1 -quiet -v -I /usr/sw/mpi/mpi_20210609_SEA/include -iprefix /usr/sw/swgcc/swgcc710-tools-SEA-1208/usr/bin/../lib/gcc/sw_64sw6a-sunway-linux-gnu/7.1.0/ -isysroot /usr/sw/swgcc/swgcc710-tools-SEA-1208/usr/bin/../../../swgcc710-tools-SEA-1208 -D_SIMD_HOST /home/export/base/shisuan/swthhpca/online/DIDA-SHARE/3rdParty/cmake-3.16.5/share/cmake-3.16/Modules/CMakeCCompilerABI.c -quiet -dumpbase CMakeCCompilerABI.c -mcpu=sw6a -auxbase-strip CMakeFiles/cmTC_9e3f2.dir/CMakeCCompilerABI.c.o -version -D_SIMD_HOST -o /tmp/ccA4W6v7.s
GNU C11 (GCC) version 7.1.0 20170502 (swgcc-1208 Committer: zhuq <zhuq9@localhost.localdomain> by comp9 at localhost.localdomain on Thu Feb 18 20:32:34 CST 2021) (sw_64sw6a-sunway-linux-gnu)
	compiled by GNU C version 4.8.5 20150623 (Red Hat 4.8.5-16), GMP version 6.1.0, MPFR version 3.1.4, MPC version 1.0.3, isl version isl-0.15-GMP

GGC heuristics: --param ggc-min-expand=100 --param ggc-min-heapsize=131072
ignoring duplicate directory "/usr/sw/swgcc/swgcc710-tools-SEA-1208/usr/bin/../lib/gcc/../../lib/gcc/sw_64sw6a-sunway-linux-gnu/7.1.0/include"
ignoring nonexistent directory "/usr/sw/swgcc/swgcc710-tools-SEA-1208/usr/bin/../../../swgcc710-tools-SEA-1208/usr/local/include"
ignoring duplicate directory "/usr/sw/swgcc/swgcc710-tools-SEA-1208/usr/bin/../lib/gcc/../../lib/gcc/sw_64sw6a-sunway-linux-gnu/7.1.0/include-fixed"
ignoring duplicate directory "/usr/sw/swgcc/swgcc710-tools-SEA-1208/usr/bin/../lib/gcc/../../lib/gcc/sw_64sw6a-sunway-linux-gnu/7.1.0/../../../../sw_64sw6a-sunway-linux-gnu/include"
ignoring duplicate directory "/usr/sw/swgcc/swgcc710-tools-SEA-1208/usr/bin/../../../swgcc710-tools-SEA-1208/usr/include"
#include "..." search starts here:
#include <...> search starts here:
 /usr/sw/mpi/mpi_20210609_SEA/include
 /usr/sw/swgcc/swgcc710-tools-SEA-1208/usr/bin/../lib/gcc/sw_64sw6a-sunway-linux-gnu/7.1.0/include
 /usr/sw/swgcc/swgcc710-tools-SEA-1208/usr/bin/../lib/gcc/sw_64sw6a-sunway-linux-gnu/7.1.0/include-fixed
 /usr/sw/swgcc/swgcc710-tools-SEA-1208/usr/bin/../lib/gcc/sw_64sw6a-sunway-linux-gnu/7.1.0/../../../../sw_64sw6a-sunway-linux-gnu/include
 /usr/sw/swgcc/swgcc710-tools-SEA-1208/usr/bin/../../../swgcc710-tools-SEA-1208/shared_include
End of search list.
GNU C11 (GCC) version 7.1.0 20170502 (swgcc-1208 Committer: zhuq <zhuq9@localhost.localdomain> by comp9 at localhost.localdomain on Thu Feb 18 20:32:34 CST 2021) (sw_64sw6a-sunway-linux-gnu)
	compiled by GNU C version 4.8.5 20150623 (Red Hat 4.8.5-16), GMP version 6.1.0, MPFR version 3.1.4, MPC version 1.0.3, isl version isl-0.15-GMP

GGC heuristics: --param ggc-min-expand=100 --param ggc-min-heapsize=131072
Compiler executable checksum: 1baeac2984beb1e44539aac4e9a77645
COLLECT_GCC_OPTIONS='-v' '-o' 'CMakeFiles/cmTC_9e3f2.dir/CMakeCCompilerABI.c.o' '-c' '-I' '/usr/sw/mpi/mpi_20210609_SEA/include' '-mcpu=sw6a'
 /usr/sw/swgcc/swgcc710-tools-SEA-1208/usr/bin/../lib/gcc/sw_64sw6a-sunway-linux-gnu/7.1.0/../../../../sw_64sw6a-sunway-linux-gnu/bin/as -v -I /usr/sw/mpi/mpi_20210609_SEA/include -no-mdebug -msw6a -o CMakeFiles/cmTC_9e3f2.dir/CMakeCCompilerABI.c.o /tmp/ccA4W6v7.s
GNU assembler version 2.24 (sw_64sw6a-sunway-linux-gnu) using BFD version (GNU Binutils) 2.24
COMPILER_PATH=/usr/sw/swgcc/swgcc710-tools-SEA-1208/usr/bin/../libexec/gcc/sw_64sw6a-sunway-linux-gnu/7.1.0/:/usr/sw/swgcc/swgcc710-tools-SEA-1208/usr/bin/../libexec/gcc/:/usr/sw/swgcc/swgcc710-tools-SEA-1208/usr/bin/../lib/gcc/sw_64sw6a-sunway-linux-gnu/7.1.0/../../../../sw_64sw6a-sunway-linux-gnu/bin/:/usr/sw/swgcc/swgcc710-tools-SEA-1208/usr/bin/../lib/gcc/sw_64sw6a-sunway-linux-gnu/7.1.0/../../../../sw_64sw6a-sunway-linux-gnu/../../usr_sw/bin/
LIBRARY_PATH=/usr/sw/swgcc/swgcc710-tools-SEA-1208/usr/bin/../lib/gcc/sw_64sw6a-sunway-linux-gnu/7.1.0/:/usr/sw/swgcc/swgcc710-tools-SEA-1208/usr/bin/../lib/gcc/:/usr/sw/swgcc/swgcc710-tools-SEA-1208/usr/bin/../lib/gcc/sw_64sw6a-sunway-linux-gnu/7.1.0/../../../../sw_64sw6a-sunway-linux-gnu/lib/:/usr/sw/swgcc/swgcc710-tools-SEA-1208/usr/bin/../../../swgcc710-tools-SEA-1208/lib/:/usr/sw/swgcc/swgcc710-tools-SEA-1208/usr/bin/../../../swgcc710-tools-SEA-1208/usr/lib/:/usr/sw/swgcc/swgcc710-tools-SEA-1208/usr/bin/../../../swgcc710-tools-SEA-1208/usr_sw/lib/:/usr/sw/swgcc/swgcc710-tools-SEA-1208/usr/bin/../../../swgcc710-tools-SEA-1208/usr_sw/lib/gcc/sw_64sw6a-sunway-linux-gnu/7.1.0/:/usr/sw/swgcc/swgcc710-tools-SEA-1208/usr/bin/../../../swgcc710-tools-SEA-1208/usr_sw/sw_64sw6a-sunway-linux-gnu/lib/
COLLECT_GCC_OPTIONS='-v' '-o' 'CMakeFiles/cmTC_9e3f2.dir/CMakeCCompilerABI.c.o' '-c' '-I' '/usr/sw/mpi/mpi_20210609_SEA/include' '-mcpu=sw6a'
Linking C executable cmTC_9e3f2
/home/export/base/shisuan/swthhpca/online/DIDA-SHARE/3rdParty/cmake-3.16.5/bin/cmake -E cmake_link_script CMakeFiles/cmTC_9e3f2.dir/link.txt --verbose=1
/usr/sw/mpi/mpi_current/bin/mpicc     -v -rdynamic CMakeFiles/cmTC_9e3f2.dir/CMakeCCompilerABI.c.o  -o cmTC_9e3f2 
mpicc for MPICH version 3.2b2
gmake[1]: Leaving directory `/home/export/online1/mdt00/shisuan/swthhpca/hzd/new-atm-da/LIB/mpal/build/CMakeFiles/CMakeTmp'



Parsed C implicit include dir info from above output: rv=done
  found start of include info
  found start of implicit include info
    add: [/usr/sw/mpi/mpi_20210609_SEA/include]
    add: [/usr/sw/swgcc/swgcc710-tools-SEA-1208/usr/bin/../lib/gcc/sw_64sw6a-sunway-linux-gnu/7.1.0/include]
    add: [/usr/sw/swgcc/swgcc710-tools-SEA-1208/usr/bin/../lib/gcc/sw_64sw6a-sunway-linux-gnu/7.1.0/include-fixed]
    add: [/usr/sw/swgcc/swgcc710-tools-SEA-1208/usr/bin/../lib/gcc/sw_64sw6a-sunway-linux-gnu/7.1.0/../../../../sw_64sw6a-sunway-linux-gnu/include]
    add: [/usr/sw/swgcc/swgcc710-tools-SEA-1208/usr/bin/../../../swgcc710-tools-SEA-1208/shared_include]
  end of search list found
  collapse include dir [/usr/sw/mpi/mpi_20210609_SEA/include] ==> [/usr/sw/mpi/mpi_20210609_SEA/include]
  collapse include dir [/usr/sw/swgcc/swgcc710-tools-SEA-1208/usr/bin/../lib/gcc/sw_64sw6a-sunway-linux-gnu/7.1.0/include] ==> [/usr/sw/swgcc/swgcc710-tools-SEA-1208/usr/lib/gcc/sw_64sw6a-sunway-linux-gnu/7.1.0/include]
  collapse include dir [/usr/sw/swgcc/swgcc710-tools-SEA-1208/usr/bin/../lib/gcc/sw_64sw6a-sunway-linux-gnu/7.1.0/include-fixed] ==> [/usr/sw/swgcc/swgcc710-tools-SEA-1208/usr/lib/gcc/sw_64sw6a-sunway-linux-gnu/7.1.0/include-fixed]
  collapse include dir [/usr/sw/swgcc/swgcc710-tools-SEA-1208/usr/bin/../lib/gcc/sw_64sw6a-sunway-linux-gnu/7.1.0/../../../../sw_64sw6a-sunway-linux-gnu/include] ==> [/usr/sw/swgcc/swgcc710-tools-SEA-1208/usr/sw_64sw6a-sunway-linux-gnu/include]
  collapse include dir [/usr/sw/swgcc/swgcc710-tools-SEA-1208/usr/bin/../../../swgcc710-tools-SEA-1208/shared_include] ==> [/usr/sw/swgcc/swgcc710-tools-SEA-1208/shared_include]
  implicit include dirs: [/usr/sw/mpi/mpi_20210609_SEA/include;/usr/sw/swgcc/swgcc710-tools-SEA-1208/usr/lib/gcc/sw_64sw6a-sunway-linux-gnu/7.1.0/include;/usr/sw/swgcc/swgcc710-tools-SEA-1208/usr/lib/gcc/sw_64sw6a-sunway-linux-gnu/7.1.0/include-fixed;/usr/sw/swgcc/swgcc710-tools-SEA-1208/usr/sw_64sw6a-sunway-linux-gnu/include;/usr/sw/swgcc/swgcc710-tools-SEA-1208/shared_include]


Parsed C implicit link information from above output:
  link line regex: [^( *|.*[/\])(ld|CMAKE_LINK_STARTFILE-NOTFOUND|([^/\]+-)?ld|collect2)[^/\]*( |$)]
  ignore line: [Change Dir: /home/export/base/shisuan/swthhpca/online/hzd/new-atm-da/LIB/mpal/build/CMakeFiles/CMakeTmp]
  ignore line: []
  ignore line: [Run Build Command(s):/usr/bin/gmake cmTC_9e3f2/fast && /usr/bin/gmake -f CMakeFiles/cmTC_9e3f2.dir/build.make CMakeFiles/cmTC_9e3f2.dir/build]
  ignore line: [gmake[1]: Entering directory `/home/export/online1/mdt00/shisuan/swthhpca/hzd/new-atm-da/LIB/mpal/build/CMakeFiles/CMakeTmp']
  ignore line: [Building C object CMakeFiles/cmTC_9e3f2.dir/CMakeCCompilerABI.c.o]
  ignore line: [/usr/sw/mpi/mpi_current/bin/mpicc   -v -o CMakeFiles/cmTC_9e3f2.dir/CMakeCCompilerABI.c.o   -c /home/export/base/shisuan/swthhpca/online/DIDA-SHARE/3rdParty/cmake-3.16.5/share/cmake-3.16/Modules/CMakeCCompilerABI.c]
  ignore line: [mpicc for MPICH version 3.2b2]
  ignore line: [Reading specs from /usr/sw/swgcc/swgcc710-tools-SEA-1208/usr/bin/../lib/gcc/sw_64sw6a-sunway-linux-gnu/7.1.0/specs]
  ignore line: [COLLECT_GCC=sw9gcc]
  ignore line: [Target: sw_64sw6a-sunway-linux-gnu]
  ignore line: [Configured with: /usr1/comp9/swgcc710/gcc-7.1.0/configure --prefix=/usr1/comp9/swgcc710-tools-SEA-1208/usr --with-gmp=/usr1/comp9/swgcc710-tools-SEA-1208/usr/lib_for_gcc --with-mpfr=/usr1/comp9/swgcc710-tools-SEA-1208/usr/lib_for_gcc --with-isl=/usr1/comp9/swgcc710-tools-SEA-1208/usr/lib_for_gcc --enable-shared --enable-languages=c c++ fortran --build=x86_64-redhat-linux --host=x86_64-redhat-linux --target=sw_64sw6a-sunway-linux-gnu --disable-multilib --enable-c99 --enable-long-long --enable-threads=posix --enable-__cxa_atexit --disable-nls --disable-libgcc_slave --disable-libgfortran_slave --disable-libstdcxx_slave --with-sysroot=/usr1/comp9/swgcc710-tools-SEA-1208 CFLAGS='-g -gdwarf-2' CXXFLAGS='-g -gdwarf-2' --disable-werror]
  ignore line: [Thread model: posix]
  ignore line: [gcc version 7.1.0 20170502 (swgcc-1208 Committer: zhuq <zhuq9@localhost.localdomain> by comp9 at localhost.localdomain on Thu Feb 18 20:32:34 CST 2021) (GCC) ]
  ignore line: [COLLECT_GCC_OPTIONS='-v' '-o' 'CMakeFiles/cmTC_9e3f2.dir/CMakeCCompilerABI.c.o' '-c' '-I' '/usr/sw/mpi/mpi_20210609_SEA/include' '-mcpu=sw6a']
  ignore line: [ /usr/sw/swgcc/swgcc710-tools-SEA-1208/usr/bin/../libexec/gcc/sw_64sw6a-sunway-linux-gnu/7.1.0/cc1 -quiet -v -I /usr/sw/mpi/mpi_20210609_SEA/include -iprefix /usr/sw/swgcc/swgcc710-tools-SEA-1208/usr/bin/../lib/gcc/sw_64sw6a-sunway-linux-gnu/7.1.0/ -isysroot /usr/sw/swgcc/swgcc710-tools-SEA-1208/usr/bin/../../../swgcc710-tools-SEA-1208 -D_SIMD_HOST /home/export/base/shisuan/swthhpca/online/DIDA-SHARE/3rdParty/cmake-3.16.5/share/cmake-3.16/Modules/CMakeCCompilerABI.c -quiet -dumpbase CMakeCCompilerABI.c -mcpu=sw6a -auxbase-strip CMakeFiles/cmTC_9e3f2.dir/CMakeCCompilerABI.c.o -version -D_SIMD_HOST -o /tmp/ccA4W6v7.s]
  ignore line: [GNU C11 (GCC) version 7.1.0 20170502 (swgcc-1208 Committer: zhuq <zhuq9@localhost.localdomain> by comp9 at localhost.localdomain on Thu Feb 18 20:32:34 CST 2021) (sw_64sw6a-sunway-linux-gnu)]
  ignore line: [	compiled by GNU C version 4.8.5 20150623 (Red Hat 4.8.5-16)  GMP version 6.1.0  MPFR version 3.1.4  MPC version 1.0.3  isl version isl-0.15-GMP]
  ignore line: []
  ignore line: [GGC heuristics: --param ggc-min-expand=100 --param ggc-min-heapsize=131072]
  ignore line: [ignoring duplicate directory "/usr/sw/swgcc/swgcc710-tools-SEA-1208/usr/bin/../lib/gcc/../../lib/gcc/sw_64sw6a-sunway-linux-gnu/7.1.0/include"]
  ignore line: [ignoring nonexistent directory "/usr/sw/swgcc/swgcc710-tools-SEA-1208/usr/bin/../../../swgcc710-tools-SEA-1208/usr/local/include"]
  ignore line: [ignoring duplicate directory "/usr/sw/swgcc/swgcc710-tools-SEA-1208/usr/bin/../lib/gcc/../../lib/gcc/sw_64sw6a-sunway-linux-gnu/7.1.0/include-fixed"]
  ignore line: [ignoring duplicate directory "/usr/sw/swgcc/swgcc710-tools-SEA-1208/usr/bin/../lib/gcc/../../lib/gcc/sw_64sw6a-sunway-linux-gnu/7.1.0/../../../../sw_64sw6a-sunway-linux-gnu/include"]
  ignore line: [ignoring duplicate directory "/usr/sw/swgcc/swgcc710-tools-SEA-1208/usr/bin/../../../swgcc710-tools-SEA-1208/usr/include"]
  ignore line: [#include "..." search starts here:]
  ignore line: [#include <...> search starts here:]
  ignore line: [ /usr/sw/mpi/mpi_20210609_SEA/include]
  ignore line: [ /usr/sw/swgcc/swgcc710-tools-SEA-1208/usr/bin/../lib/gcc/sw_64sw6a-sunway-linux-gnu/7.1.0/include]
  ignore line: [ /usr/sw/swgcc/swgcc710-tools-SEA-1208/usr/bin/../lib/gcc/sw_64sw6a-sunway-linux-gnu/7.1.0/include-fixed]
  ignore line: [ /usr/sw/swgcc/swgcc710-tools-SEA-1208/usr/bin/../lib/gcc/sw_64sw6a-sunway-linux-gnu/7.1.0/../../../../sw_64sw6a-sunway-linux-gnu/include]
  ignore line: [ /usr/sw/swgcc/swgcc710-tools-SEA-1208/usr/bin/../../../swgcc710-tools-SEA-1208/shared_include]
  ignore line: [End of search list.]
  ignore line: [GNU C11 (GCC) version 7.1.0 20170502 (swgcc-1208 Committer: zhuq <zhuq9@localhost.localdomain> by comp9 at localhost.localdomain on Thu Feb 18 20:32:34 CST 2021) (sw_64sw6a-sunway-linux-gnu)]
  ignore line: [	compiled by GNU C version 4.8.5 20150623 (Red Hat 4.8.5-16)  GMP version 6.1.0  MPFR version 3.1.4  MPC version 1.0.3  isl version isl-0.15-GMP]
  ignore line: []
  ignore line: [GGC heuristics: --param ggc-min-expand=100 --param ggc-min-heapsize=131072]
  ignore line: [Compiler executable checksum: 1baeac2984beb1e44539aac4e9a77645]
  ignore line: [COLLECT_GCC_OPTIONS='-v' '-o' 'CMakeFiles/cmTC_9e3f2.dir/CMakeCCompilerABI.c.o' '-c' '-I' '/usr/sw/mpi/mpi_20210609_SEA/include' '-mcpu=sw6a']
  ignore line: [ /usr/sw/swgcc/swgcc710-tools-SEA-1208/usr/bin/../lib/gcc/sw_64sw6a-sunway-linux-gnu/7.1.0/../../../../sw_64sw6a-sunway-linux-gnu/bin/as -v -I /usr/sw/mpi/mpi_20210609_SEA/include -no-mdebug -msw6a -o CMakeFiles/cmTC_9e3f2.dir/CMakeCCompilerABI.c.o /tmp/ccA4W6v7.s]
  ignore line: [GNU assembler version 2.24 (sw_64sw6a-sunway-linux-gnu) using BFD version (GNU Binutils) 2.24]
  ignore line: [COMPILER_PATH=/usr/sw/swgcc/swgcc710-tools-SEA-1208/usr/bin/../libexec/gcc/sw_64sw6a-sunway-linux-gnu/7.1.0/:/usr/sw/swgcc/swgcc710-tools-SEA-1208/usr/bin/../libexec/gcc/:/usr/sw/swgcc/swgcc710-tools-SEA-1208/usr/bin/../lib/gcc/sw_64sw6a-sunway-linux-gnu/7.1.0/../../../../sw_64sw6a-sunway-linux-gnu/bin/:/usr/sw/swgcc/swgcc710-tools-SEA-1208/usr/bin/../lib/gcc/sw_64sw6a-sunway-linux-gnu/7.1.0/../../../../sw_64sw6a-sunway-linux-gnu/../../usr_sw/bin/]
  ignore line: [LIBRARY_PATH=/usr/sw/swgcc/swgcc710-tools-SEA-1208/usr/bin/../lib/gcc/sw_64sw6a-sunway-linux-gnu/7.1.0/:/usr/sw/swgcc/swgcc710-tools-SEA-1208/usr/bin/../lib/gcc/:/usr/sw/swgcc/swgcc710-tools-SEA-1208/usr/bin/../lib/gcc/sw_64sw6a-sunway-linux-gnu/7.1.0/../../../../sw_64sw6a-sunway-linux-gnu/lib/:/usr/sw/swgcc/swgcc710-tools-SEA-1208/usr/bin/../../../swgcc710-tools-SEA-1208/lib/:/usr/sw/swgcc/swgcc710-tools-SEA-1208/usr/bin/../../../swgcc710-tools-SEA-1208/usr/lib/:/usr/sw/swgcc/swgcc710-tools-SEA-1208/usr/bin/../../../swgcc710-tools-SEA-1208/usr_sw/lib/:/usr/sw/swgcc/swgcc710-tools-SEA-1208/usr/bin/../../../swgcc710-tools-SEA-1208/usr_sw/lib/gcc/sw_64sw6a-sunway-linux-gnu/7.1.0/:/usr/sw/swgcc/swgcc710-tools-SEA-1208/usr/bin/../../../swgcc710-tools-SEA-1208/usr_sw/sw_64sw6a-sunway-linux-gnu/lib/]
  ignore line: [COLLECT_GCC_OPTIONS='-v' '-o' 'CMakeFiles/cmTC_9e3f2.dir/CMakeCCompilerABI.c.o' '-c' '-I' '/usr/sw/mpi/mpi_20210609_SEA/include' '-mcpu=sw6a']
  ignore line: [Linking C executable cmTC_9e3f2]
  ignore line: [/home/export/base/shisuan/swthhpca/online/DIDA-SHARE/3rdParty/cmake-3.16.5/bin/cmake -E cmake_link_script CMakeFiles/cmTC_9e3f2.dir/link.txt --verbose=1]
  ignore line: [/usr/sw/mpi/mpi_current/bin/mpicc     -v -rdynamic CMakeFiles/cmTC_9e3f2.dir/CMakeCCompilerABI.c.o  -o cmTC_9e3f2 ]
  ignore line: [mpicc for MPICH version 3.2b2]
  ignore line: [gmake[1]: Leaving directory `/home/export/online1/mdt00/shisuan/swthhpca/hzd/new-atm-da/LIB/mpal/build/CMakeFiles/CMakeTmp']
  ignore line: []
  ignore line: []
  implicit libs: []
  implicit dirs: []
  implicit fwks: []


Determining if the CXX compiler works passed with the following output:
Change Dir: /home/export/base/shisuan/swthhpca/online/hzd/new-atm-da/LIB/mpal/build/CMakeFiles/CMakeTmp

Run Build Command(s):/usr/bin/gmake cmTC_0cbc3/fast && /usr/bin/gmake -f CMakeFiles/cmTC_0cbc3.dir/build.make CMakeFiles/cmTC_0cbc3.dir/build
gmake[1]: 进入目录“/home/export/online1/mdt00/shisuan/swthhpca/hzd/new-atm-da/LIB/mpal/build/CMakeFiles/CMakeTmp”
Building CXX object CMakeFiles/cmTC_0cbc3.dir/testCXXCompiler.cxx.o
/usr/sw/mpi/mpi_current/bin/mpicxx     -o CMakeFiles/cmTC_0cbc3.dir/testCXXCompiler.cxx.o -c /home/export/base/shisuan/swthhpca/online/hzd/new-atm-da/LIB/mpal/build/CMakeFiles/CMakeTmp/testCXXCompiler.cxx
Linking CXX executable cmTC_0cbc3
/home/export/base/shisuan/swthhpca/online/DIDA-SHARE/3rdParty/cmake-3.16.5/bin/cmake -E cmake_link_script CMakeFiles/cmTC_0cbc3.dir/link.txt --verbose=1
/usr/sw/mpi/mpi_current/bin/mpicxx       -rdynamic CMakeFiles/cmTC_0cbc3.dir/testCXXCompiler.cxx.o  -o cmTC_0cbc3 
gmake[1]: 离开目录“/home/export/online1/mdt00/shisuan/swthhpca/hzd/new-atm-da/LIB/mpal/build/CMakeFiles/CMakeTmp”



Detecting CXX compiler ABI info compiled with the following output:
Change Dir: /home/export/base/shisuan/swthhpca/online/hzd/new-atm-da/LIB/mpal/build/CMakeFiles/CMakeTmp

Run Build Command(s):/usr/bin/gmake cmTC_05915/fast && /usr/bin/gmake -f CMakeFiles/cmTC_05915.dir/build.make CMakeFiles/cmTC_05915.dir/build
gmake[1]: Entering directory `/home/export/online1/mdt00/shisuan/swthhpca/hzd/new-atm-da/LIB/mpal/build/CMakeFiles/CMakeTmp'
Building CXX object CMakeFiles/cmTC_05915.dir/CMakeCXXCompilerABI.cpp.o
/usr/sw/mpi/mpi_current/bin/mpicxx    -v -o CMakeFiles/cmTC_05915.dir/CMakeCXXCompilerABI.cpp.o -c /home/export/base/shisuan/swthhpca/online/DIDA-SHARE/3rdParty/cmake-3.16.5/share/cmake-3.16/Modules/CMakeCXXCompilerABI.cpp
mpicxx for MPICH version 3.2b2
Reading specs from /usr/sw/swgcc/swgcc710-tools-SEA-1208/usr/bin/../lib/gcc/sw_64sw6a-sunway-linux-gnu/7.1.0/specs
COLLECT_GCC=swg++
Target: sw_64sw6a-sunway-linux-gnu
Configured with: /usr1/comp9/swgcc710/gcc-7.1.0/configure --prefix=/usr1/comp9/swgcc710-tools-SEA-1208/usr --with-gmp=/usr1/comp9/swgcc710-tools-SEA-1208/usr/lib_for_gcc --with-mpfr=/usr1/comp9/swgcc710-tools-SEA-1208/usr/lib_for_gcc --with-isl=/usr1/comp9/swgcc710-tools-SEA-1208/usr/lib_for_gcc --enable-shared --enable-languages=c,c++,fortran --build=x86_64-redhat-linux --host=x86_64-redhat-linux --target=sw_64sw6a-sunway-linux-gnu --disable-multilib --enable-c99 --enable-long-long --enable-threads=posix --enable-__cxa_atexit --disable-nls --disable-libgcc_slave --disable-libgfortran_slave --disable-libstdcxx_slave --with-sysroot=/usr1/comp9/swgcc710-tools-SEA-1208 CFLAGS='-g -gdwarf-2' CXXFLAGS='-g -gdwarf-2' --disable-werror
Thread model: posix
gcc version 7.1.0 20170502 (swgcc-1208 Committer: zhuq <zhuq9@localhost.localdomain> by comp9 at localhost.localdomain on Thu Feb 18 20:32:34 CST 2021) (GCC) 
COLLECT_GCC_OPTIONS='-v' '-o' 'CMakeFiles/cmTC_05915.dir/CMakeCXXCompilerABI.cpp.o' '-c' '-I' '/usr/sw/mpi/mpi_20210609_SEA/include' '-shared-libgcc' '-mcpu=sw6a'
 /usr/sw/swgcc/swgcc710-tools-SEA-1208/usr/bin/../libexec/gcc/sw_64sw6a-sunway-linux-gnu/7.1.0/cc1plus -quiet -v -I /usr/sw/mpi/mpi_20210609_SEA/include -iprefix /usr/sw/swgcc/swgcc710-tools-SEA-1208/usr/bin/../lib/gcc/sw_64sw6a-sunway-linux-gnu/7.1.0/ -isysroot /usr/sw/swgcc/swgcc710-tools-SEA-1208/usr/bin/../../../swgcc710-tools-SEA-1208 /home/export/base/shisuan/swthhpca/online/DIDA-SHARE/3rdParty/cmake-3.16.5/share/cmake-3.16/Modules/CMakeCXXCompilerABI.cpp -quiet -dumpbase CMakeCXXCompilerABI.cpp -mcpu=sw6a -auxbase-strip CMakeFiles/cmTC_05915.dir/CMakeCXXCompilerABI.cpp.o -version -D_SIMD_HOST -o /tmp/ccpnZXm8.s
GNU C++14 (GCC) version 7.1.0 20170502 (swgcc-1208 Committer: zhuq <zhuq9@localhost.localdomain> by comp9 at localhost.localdomain on Thu Feb 18 20:32:34 CST 2021) (sw_64sw6a-sunway-linux-gnu)
	compiled by GNU C version 4.8.5 20150623 (Red Hat 4.8.5-16), GMP version 6.1.0, MPFR version 3.1.4, MPC version 1.0.3, isl version isl-0.15-GMP

GGC heuristics: --param ggc-min-expand=100 --param ggc-min-heapsize=131072
ignoring duplicate directory "/usr/sw/swgcc/swgcc710-tools-SEA-1208/usr/bin/../lib/gcc/../../lib/gcc/sw_64sw6a-sunway-linux-gnu/7.1.0/../../../../sw_64sw6a-sunway-linux-gnu/include/c++/7.1.0"
ignoring duplicate directory "/usr/sw/swgcc/swgcc710-tools-SEA-1208/usr/bin/../lib/gcc/../../lib/gcc/sw_64sw6a-sunway-linux-gnu/7.1.0/../../../../sw_64sw6a-sunway-linux-gnu/include/c++/7.1.0/sw_64sw6a-sunway-linux-gnu"
ignoring duplicate directory "/usr/sw/swgcc/swgcc710-tools-SEA-1208/usr/bin/../lib/gcc/../../lib/gcc/sw_64sw6a-sunway-linux-gnu/7.1.0/../../../../sw_64sw6a-sunway-linux-gnu/include/c++/7.1.0/backward"
ignoring duplicate directory "/usr/sw/swgcc/swgcc710-tools-SEA-1208/usr/bin/../lib/gcc/../../lib/gcc/sw_64sw6a-sunway-linux-gnu/7.1.0/include"
ignoring nonexistent directory "/usr/sw/swgcc/swgcc710-tools-SEA-1208/usr/bin/../../../swgcc710-tools-SEA-1208/usr/local/include"
ignoring duplicate directory "/usr/sw/swgcc/swgcc710-tools-SEA-1208/usr/bin/../lib/gcc/../../lib/gcc/sw_64sw6a-sunway-linux-gnu/7.1.0/include-fixed"
ignoring duplicate directory "/usr/sw/swgcc/swgcc710-tools-SEA-1208/usr/bin/../lib/gcc/../../lib/gcc/sw_64sw6a-sunway-linux-gnu/7.1.0/../../../../sw_64sw6a-sunway-linux-gnu/include"
ignoring duplicate directory "/usr/sw/swgcc/swgcc710-tools-SEA-1208/usr/bin/../../../swgcc710-tools-SEA-1208/usr/include"
#include "..." search starts here:
#include <...> search starts here:
 /usr/sw/mpi/mpi_20210609_SEA/include
 /usr/sw/swgcc/swgcc710-tools-SEA-1208/usr/bin/../lib/gcc/sw_64sw6a-sunway-linux-gnu/7.1.0/../../../../sw_64sw6a-sunway-linux-gnu/include/c++/7.1.0
 /usr/sw/swgcc/swgcc710-tools-SEA-1208/usr/bin/../lib/gcc/sw_64sw6a-sunway-linux-gnu/7.1.0/../../../../sw_64sw6a-sunway-linux-gnu/include/c++/7.1.0/sw_64sw6a-sunway-linux-gnu
 /usr/sw/swgcc/swgcc710-tools-SEA-1208/usr/bin/../lib/gcc/sw_64sw6a-sunway-linux-gnu/7.1.0/../../../../sw_64sw6a-sunway-linux-gnu/include/c++/7.1.0/backward
 /usr/sw/swgcc/swgcc710-tools-SEA-1208/usr/bin/../lib/gcc/sw_64sw6a-sunway-linux-gnu/7.1.0/include
 /usr/sw/swgcc/swgcc710-tools-SEA-1208/usr/bin/../lib/gcc/sw_64sw6a-sunway-linux-gnu/7.1.0/include-fixed
 /usr/sw/swgcc/swgcc710-tools-SEA-1208/usr/bin/../lib/gcc/sw_64sw6a-sunway-linux-gnu/7.1.0/../../../../sw_64sw6a-sunway-linux-gnu/include
 /usr/sw/swgcc/swgcc710-tools-SEA-1208/usr/bin/../../../swgcc710-tools-SEA-1208/shared_include
End of search list.
GNU C++14 (GCC) version 7.1.0 20170502 (swgcc-1208 Committer: zhuq <zhuq9@localhost.localdomain> by comp9 at localhost.localdomain on Thu Feb 18 20:32:34 CST 2021) (sw_64sw6a-sunway-linux-gnu)
	compiled by GNU C version 4.8.5 20150623 (Red Hat 4.8.5-16), GMP version 6.1.0, MPFR version 3.1.4, MPC version 1.0.3, isl version isl-0.15-GMP

GGC heuristics: --param ggc-min-expand=100 --param ggc-min-heapsize=131072
Compiler executable checksum: 80bc3de809f627b8576b2864bf51b8fd
COLLECT_GCC_OPTIONS='-v' '-o' 'CMakeFiles/cmTC_05915.dir/CMakeCXXCompilerABI.cpp.o' '-c' '-I' '/usr/sw/mpi/mpi_20210609_SEA/include' '-shared-libgcc' '-mcpu=sw6a'
 /usr/sw/swgcc/swgcc710-tools-SEA-1208/usr/bin/../lib/gcc/sw_64sw6a-sunway-linux-gnu/7.1.0/../../../../sw_64sw6a-sunway-linux-gnu/bin/as -v -I /usr/sw/mpi/mpi_20210609_SEA/include -no-mdebug -msw6a -o CMakeFiles/cmTC_05915.dir/CMakeCXXCompilerABI.cpp.o /tmp/ccpnZXm8.s
GNU assembler version 2.24 (sw_64sw6a-sunway-linux-gnu) using BFD version (GNU Binutils) 2.24
COMPILER_PATH=/usr/sw/swgcc/swgcc710-tools-SEA-1208/usr/bin/../libexec/gcc/sw_64sw6a-sunway-linux-gnu/7.1.0/:/usr/sw/swgcc/swgcc710-tools-SEA-1208/usr/bin/../libexec/gcc/:/usr/sw/swgcc/swgcc710-tools-SEA-1208/usr/bin/../lib/gcc/sw_64sw6a-sunway-linux-gnu/7.1.0/../../../../sw_64sw6a-sunway-linux-gnu/bin/:/usr/sw/swgcc/swgcc710-tools-SEA-1208/usr/bin/../lib/gcc/sw_64sw6a-sunway-linux-gnu/7.1.0/../../../../sw_64sw6a-sunway-linux-gnu/../../usr_sw/bin/
LIBRARY_PATH=/usr/sw/swgcc/swgcc710-tools-SEA-1208/usr/bin/../lib/gcc/sw_64sw6a-sunway-linux-gnu/7.1.0/:/usr/sw/swgcc/swgcc710-tools-SEA-1208/usr/bin/../lib/gcc/:/usr/sw/swgcc/swgcc710-tools-SEA-1208/usr/bin/../lib/gcc/sw_64sw6a-sunway-linux-gnu/7.1.0/../../../../sw_64sw6a-sunway-linux-gnu/lib/:/usr/sw/swgcc/swgcc710-tools-SEA-1208/usr/bin/../../../swgcc710-tools-SEA-1208/lib/:/usr/sw/swgcc/swgcc710-tools-SEA-1208/usr/bin/../../../swgcc710-tools-SEA-1208/usr/lib/:/usr/sw/swgcc/swgcc710-tools-SEA-1208/usr/bin/../../../swgcc710-tools-SEA-1208/usr_sw/lib/:/usr/sw/swgcc/swgcc710-tools-SEA-1208/usr/bin/../../../swgcc710-tools-SEA-1208/usr_sw/lib/gcc/sw_64sw6a-sunway-linux-gnu/7.1.0/:/usr/sw/swgcc/swgcc710-tools-SEA-1208/usr/bin/../../../swgcc710-tools-SEA-1208/usr_sw/sw_64sw6a-sunway-linux-gnu/lib/
COLLECT_GCC_OPTIONS='-v' '-o' 'CMakeFiles/cmTC_05915.dir/CMakeCXXCompilerABI.cpp.o' '-c' '-I' '/usr/sw/mpi/mpi_20210609_SEA/include' '-shared-libgcc' '-mcpu=sw6a'
Linking CXX executable cmTC_05915
/home/export/base/shisuan/swthhpca/online/DIDA-SHARE/3rdParty/cmake-3.16.5/bin/cmake -E cmake_link_script CMakeFiles/cmTC_05915.dir/link.txt --verbose=1
/usr/sw/mpi/mpi_current/bin/mpicxx      -v -rdynamic CMakeFiles/cmTC_05915.dir/CMakeCXXCompilerABI.cpp.o  -o cmTC_05915 
mpicxx for MPICH version 3.2b2
gmake[1]: Leaving directory `/home/export/online1/mdt00/shisuan/swthhpca/hzd/new-atm-da/LIB/mpal/build/CMakeFiles/CMakeTmp'



Parsed CXX implicit include dir info from above output: rv=done
  found start of include info
  found start of implicit include info
    add: [/usr/sw/mpi/mpi_20210609_SEA/include]
    add: [/usr/sw/swgcc/swgcc710-tools-SEA-1208/usr/bin/../lib/gcc/sw_64sw6a-sunway-linux-gnu/7.1.0/../../../../sw_64sw6a-sunway-linux-gnu/include/c++/7.1.0]
    add: [/usr/sw/swgcc/swgcc710-tools-SEA-1208/usr/bin/../lib/gcc/sw_64sw6a-sunway-linux-gnu/7.1.0/../../../../sw_64sw6a-sunway-linux-gnu/include/c++/7.1.0/sw_64sw6a-sunway-linux-gnu]
    add: [/usr/sw/swgcc/swgcc710-tools-SEA-1208/usr/bin/../lib/gcc/sw_64sw6a-sunway-linux-gnu/7.1.0/../../../../sw_64sw6a-sunway-linux-gnu/include/c++/7.1.0/backward]
    add: [/usr/sw/swgcc/swgcc710-tools-SEA-1208/usr/bin/../lib/gcc/sw_64sw6a-sunway-linux-gnu/7.1.0/include]
    add: [/usr/sw/swgcc/swgcc710-tools-SEA-1208/usr/bin/../lib/gcc/sw_64sw6a-sunway-linux-gnu/7.1.0/include-fixed]
    add: [/usr/sw/swgcc/swgcc710-tools-SEA-1208/usr/bin/../lib/gcc/sw_64sw6a-sunway-linux-gnu/7.1.0/../../../../sw_64sw6a-sunway-linux-gnu/include]
    add: [/usr/sw/swgcc/swgcc710-tools-SEA-1208/usr/bin/../../../swgcc710-tools-SEA-1208/shared_include]
  end of search list found
  collapse include dir [/usr/sw/mpi/mpi_20210609_SEA/include] ==> [/usr/sw/mpi/mpi_20210609_SEA/include]
  collapse include dir [/usr/sw/swgcc/swgcc710-tools-SEA-1208/usr/bin/../lib/gcc/sw_64sw6a-sunway-linux-gnu/7.1.0/../../../../sw_64sw6a-sunway-linux-gnu/include/c++/7.1.0] ==> [/usr/sw/swgcc/swgcc710-tools-SEA-1208/usr/sw_64sw6a-sunway-linux-gnu/include/c++/7.1.0]
  collapse include dir [/usr/sw/swgcc/swgcc710-tools-SEA-1208/usr/bin/../lib/gcc/sw_64sw6a-sunway-linux-gnu/7.1.0/../../../../sw_64sw6a-sunway-linux-gnu/include/c++/7.1.0/sw_64sw6a-sunway-linux-gnu] ==> [/usr/sw/swgcc/swgcc710-tools-SEA-1208/usr/sw_64sw6a-sunway-linux-gnu/include/c++/7.1.0/sw_64sw6a-sunway-linux-gnu]
  collapse include dir [/usr/sw/swgcc/swgcc710-tools-SEA-1208/usr/bin/../lib/gcc/sw_64sw6a-sunway-linux-gnu/7.1.0/../../../../sw_64sw6a-sunway-linux-gnu/include/c++/7.1.0/backward] ==> [/usr/sw/swgcc/swgcc710-tools-SEA-1208/usr/sw_64sw6a-sunway-linux-gnu/include/c++/7.1.0/backward]
  collapse include dir [/usr/sw/swgcc/swgcc710-tools-SEA-1208/usr/bin/../lib/gcc/sw_64sw6a-sunway-linux-gnu/7.1.0/include] ==> [/usr/sw/swgcc/swgcc710-tools-SEA-1208/usr/lib/gcc/sw_64sw6a-sunway-linux-gnu/7.1.0/include]
  collapse include dir [/usr/sw/swgcc/swgcc710-tools-SEA-1208/usr/bin/../lib/gcc/sw_64sw6a-sunway-linux-gnu/7.1.0/include-fixed] ==> [/usr/sw/swgcc/swgcc710-tools-SEA-1208/usr/lib/gcc/sw_64sw6a-sunway-linux-gnu/7.1.0/include-fixed]
  collapse include dir [/usr/sw/swgcc/swgcc710-tools-SEA-1208/usr/bin/../lib/gcc/sw_64sw6a-sunway-linux-gnu/7.1.0/../../../../sw_64sw6a-sunway-linux-gnu/include] ==> [/usr/sw/swgcc/swgcc710-tools-SEA-1208/usr/sw_64sw6a-sunway-linux-gnu/include]
  collapse include dir [/usr/sw/swgcc/swgcc710-tools-SEA-1208/usr/bin/../../../swgcc710-tools-SEA-1208/shared_include] ==> [/usr/sw/swgcc/swgcc710-tools-SEA-1208/shared_include]
  implicit include dirs: [/usr/sw/mpi/mpi_20210609_SEA/include;/usr/sw/swgcc/swgcc710-tools-SEA-1208/usr/sw_64sw6a-sunway-linux-gnu/include/c++/7.1.0;/usr/sw/swgcc/swgcc710-tools-SEA-1208/usr/sw_64sw6a-sunway-linux-gnu/include/c++/7.1.0/sw_64sw6a-sunway-linux-gnu;/usr/sw/swgcc/swgcc710-tools-SEA-1208/usr/sw_64sw6a-sunway-linux-gnu/include/c++/7.1.0/backward;/usr/sw/swgcc/swgcc710-tools-SEA-1208/usr/lib/gcc/sw_64sw6a-sunway-linux-gnu/7.1.0/include;/usr/sw/swgcc/swgcc710-tools-SEA-1208/usr/lib/gcc/sw_64sw6a-sunway-linux-gnu/7.1.0/include-fixed;/usr/sw/swgcc/swgcc710-tools-SEA-1208/usr/sw_64sw6a-sunway-linux-gnu/include;/usr/sw/swgcc/swgcc710-tools-SEA-1208/shared_include]


Parsed CXX implicit link information from above output:
  link line regex: [^( *|.*[/\])(ld|CMAKE_LINK_STARTFILE-NOTFOUND|([^/\]+-)?ld|collect2)[^/\]*( |$)]
  ignore line: [Change Dir: /home/export/base/shisuan/swthhpca/online/hzd/new-atm-da/LIB/mpal/build/CMakeFiles/CMakeTmp]
  ignore line: []
  ignore line: [Run Build Command(s):/usr/bin/gmake cmTC_05915/fast && /usr/bin/gmake -f CMakeFiles/cmTC_05915.dir/build.make CMakeFiles/cmTC_05915.dir/build]
  ignore line: [gmake[1]: Entering directory `/home/export/online1/mdt00/shisuan/swthhpca/hzd/new-atm-da/LIB/mpal/build/CMakeFiles/CMakeTmp']
  ignore line: [Building CXX object CMakeFiles/cmTC_05915.dir/CMakeCXXCompilerABI.cpp.o]
  ignore line: [/usr/sw/mpi/mpi_current/bin/mpicxx    -v -o CMakeFiles/cmTC_05915.dir/CMakeCXXCompilerABI.cpp.o -c /home/export/base/shisuan/swthhpca/online/DIDA-SHARE/3rdParty/cmake-3.16.5/share/cmake-3.16/Modules/CMakeCXXCompilerABI.cpp]
  ignore line: [mpicxx for MPICH version 3.2b2]
  ignore line: [Reading specs from /usr/sw/swgcc/swgcc710-tools-SEA-1208/usr/bin/../lib/gcc/sw_64sw6a-sunway-linux-gnu/7.1.0/specs]
  ignore line: [COLLECT_GCC=swg++]
  ignore line: [Target: sw_64sw6a-sunway-linux-gnu]
  ignore line: [Configured with: /usr1/comp9/swgcc710/gcc-7.1.0/configure --prefix=/usr1/comp9/swgcc710-tools-SEA-1208/usr --with-gmp=/usr1/comp9/swgcc710-tools-SEA-1208/usr/lib_for_gcc --with-mpfr=/usr1/comp9/swgcc710-tools-SEA-1208/usr/lib_for_gcc --with-isl=/usr1/comp9/swgcc710-tools-SEA-1208/usr/lib_for_gcc --enable-shared --enable-languages=c c++ fortran --build=x86_64-redhat-linux --host=x86_64-redhat-linux --target=sw_64sw6a-sunway-linux-gnu --disable-multilib --enable-c99 --enable-long-long --enable-threads=posix --enable-__cxa_atexit --disable-nls --disable-libgcc_slave --disable-libgfortran_slave --disable-libstdcxx_slave --with-sysroot=/usr1/comp9/swgcc710-tools-SEA-1208 CFLAGS='-g -gdwarf-2' CXXFLAGS='-g -gdwarf-2' --disable-werror]
  ignore line: [Thread model: posix]
  ignore line: [gcc version 7.1.0 20170502 (swgcc-1208 Committer: zhuq <zhuq9@localhost.localdomain> by comp9 at localhost.localdomain on Thu Feb 18 20:32:34 CST 2021) (GCC) ]
  ignore line: [COLLECT_GCC_OPTIONS='-v' '-o' 'CMakeFiles/cmTC_05915.dir/CMakeCXXCompilerABI.cpp.o' '-c' '-I' '/usr/sw/mpi/mpi_20210609_SEA/include' '-shared-libgcc' '-mcpu=sw6a']
  ignore line: [ /usr/sw/swgcc/swgcc710-tools-SEA-1208/usr/bin/../libexec/gcc/sw_64sw6a-sunway-linux-gnu/7.1.0/cc1plus -quiet -v -I /usr/sw/mpi/mpi_20210609_SEA/include -iprefix /usr/sw/swgcc/swgcc710-tools-SEA-1208/usr/bin/../lib/gcc/sw_64sw6a-sunway-linux-gnu/7.1.0/ -isysroot /usr/sw/swgcc/swgcc710-tools-SEA-1208/usr/bin/../../../swgcc710-tools-SEA-1208 /home/export/base/shisuan/swthhpca/online/DIDA-SHARE/3rdParty/cmake-3.16.5/share/cmake-3.16/Modules/CMakeCXXCompilerABI.cpp -quiet -dumpbase CMakeCXXCompilerABI.cpp -mcpu=sw6a -auxbase-strip CMakeFiles/cmTC_05915.dir/CMakeCXXCompilerABI.cpp.o -version -D_SIMD_HOST -o /tmp/ccpnZXm8.s]
  ignore line: [GNU C++14 (GCC) version 7.1.0 20170502 (swgcc-1208 Committer: zhuq <zhuq9@localhost.localdomain> by comp9 at localhost.localdomain on Thu Feb 18 20:32:34 CST 2021) (sw_64sw6a-sunway-linux-gnu)]
  ignore line: [	compiled by GNU C version 4.8.5 20150623 (Red Hat 4.8.5-16)  GMP version 6.1.0  MPFR version 3.1.4  MPC version 1.0.3  isl version isl-0.15-GMP]
  ignore line: []
  ignore line: [GGC heuristics: --param ggc-min-expand=100 --param ggc-min-heapsize=131072]
  ignore line: [ignoring duplicate directory "/usr/sw/swgcc/swgcc710-tools-SEA-1208/usr/bin/../lib/gcc/../../lib/gcc/sw_64sw6a-sunway-linux-gnu/7.1.0/../../../../sw_64sw6a-sunway-linux-gnu/include/c++/7.1.0"]
  ignore line: [ignoring duplicate directory "/usr/sw/swgcc/swgcc710-tools-SEA-1208/usr/bin/../lib/gcc/../../lib/gcc/sw_64sw6a-sunway-linux-gnu/7.1.0/../../../../sw_64sw6a-sunway-linux-gnu/include/c++/7.1.0/sw_64sw6a-sunway-linux-gnu"]
  ignore line: [ignoring duplicate directory "/usr/sw/swgcc/swgcc710-tools-SEA-1208/usr/bin/../lib/gcc/../../lib/gcc/sw_64sw6a-sunway-linux-gnu/7.1.0/../../../../sw_64sw6a-sunway-linux-gnu/include/c++/7.1.0/backward"]
  ignore line: [ignoring duplicate directory "/usr/sw/swgcc/swgcc710-tools-SEA-1208/usr/bin/../lib/gcc/../../lib/gcc/sw_64sw6a-sunway-linux-gnu/7.1.0/include"]
  ignore line: [ignoring nonexistent directory "/usr/sw/swgcc/swgcc710-tools-SEA-1208/usr/bin/../../../swgcc710-tools-SEA-1208/usr/local/include"]
  ignore line: [ignoring duplicate directory "/usr/sw/swgcc/swgcc710-tools-SEA-1208/usr/bin/../lib/gcc/../../lib/gcc/sw_64sw6a-sunway-linux-gnu/7.1.0/include-fixed"]
  ignore line: [ignoring duplicate directory "/usr/sw/swgcc/swgcc710-tools-SEA-1208/usr/bin/../lib/gcc/../../lib/gcc/sw_64sw6a-sunway-linux-gnu/7.1.0/../../../../sw_64sw6a-sunway-linux-gnu/include"]
  ignore line: [ignoring duplicate directory "/usr/sw/swgcc/swgcc710-tools-SEA-1208/usr/bin/../../../swgcc710-tools-SEA-1208/usr/include"]
  ignore line: [#include "..." search starts here:]
  ignore line: [#include <...> search starts here:]
  ignore line: [ /usr/sw/mpi/mpi_20210609_SEA/include]
  ignore line: [ /usr/sw/swgcc/swgcc710-tools-SEA-1208/usr/bin/../lib/gcc/sw_64sw6a-sunway-linux-gnu/7.1.0/../../../../sw_64sw6a-sunway-linux-gnu/include/c++/7.1.0]
  ignore line: [ /usr/sw/swgcc/swgcc710-tools-SEA-1208/usr/bin/../lib/gcc/sw_64sw6a-sunway-linux-gnu/7.1.0/../../../../sw_64sw6a-sunway-linux-gnu/include/c++/7.1.0/sw_64sw6a-sunway-linux-gnu]
  ignore line: [ /usr/sw/swgcc/swgcc710-tools-SEA-1208/usr/bin/../lib/gcc/sw_64sw6a-sunway-linux-gnu/7.1.0/../../../../sw_64sw6a-sunway-linux-gnu/include/c++/7.1.0/backward]
  ignore line: [ /usr/sw/swgcc/swgcc710-tools-SEA-1208/usr/bin/../lib/gcc/sw_64sw6a-sunway-linux-gnu/7.1.0/include]
  ignore line: [ /usr/sw/swgcc/swgcc710-tools-SEA-1208/usr/bin/../lib/gcc/sw_64sw6a-sunway-linux-gnu/7.1.0/include-fixed]
  ignore line: [ /usr/sw/swgcc/swgcc710-tools-SEA-1208/usr/bin/../lib/gcc/sw_64sw6a-sunway-linux-gnu/7.1.0/../../../../sw_64sw6a-sunway-linux-gnu/include]
  ignore line: [ /usr/sw/swgcc/swgcc710-tools-SEA-1208/usr/bin/../../../swgcc710-tools-SEA-1208/shared_include]
  ignore line: [End of search list.]
  ignore line: [GNU C++14 (GCC) version 7.1.0 20170502 (swgcc-1208 Committer: zhuq <zhuq9@localhost.localdomain> by comp9 at localhost.localdomain on Thu Feb 18 20:32:34 CST 2021) (sw_64sw6a-sunway-linux-gnu)]
  ignore line: [	compiled by GNU C version 4.8.5 20150623 (Red Hat 4.8.5-16)  GMP version 6.1.0  MPFR version 3.1.4  MPC version 1.0.3  isl version isl-0.15-GMP]
  ignore line: []
  ignore line: [GGC heuristics: --param ggc-min-expand=100 --param ggc-min-heapsize=131072]
  ignore line: [Compiler executable checksum: 80bc3de809f627b8576b2864bf51b8fd]
  ignore line: [COLLECT_GCC_OPTIONS='-v' '-o' 'CMakeFiles/cmTC_05915.dir/CMakeCXXCompilerABI.cpp.o' '-c' '-I' '/usr/sw/mpi/mpi_20210609_SEA/include' '-shared-libgcc' '-mcpu=sw6a']
  ignore line: [ /usr/sw/swgcc/swgcc710-tools-SEA-1208/usr/bin/../lib/gcc/sw_64sw6a-sunway-linux-gnu/7.1.0/../../../../sw_64sw6a-sunway-linux-gnu/bin/as -v -I /usr/sw/mpi/mpi_20210609_SEA/include -no-mdebug -msw6a -o CMakeFiles/cmTC_05915.dir/CMakeCXXCompilerABI.cpp.o /tmp/ccpnZXm8.s]
  ignore line: [GNU assembler version 2.24 (sw_64sw6a-sunway-linux-gnu) using BFD version (GNU Binutils) 2.24]
  ignore line: [COMPILER_PATH=/usr/sw/swgcc/swgcc710-tools-SEA-1208/usr/bin/../libexec/gcc/sw_64sw6a-sunway-linux-gnu/7.1.0/:/usr/sw/swgcc/swgcc710-tools-SEA-1208/usr/bin/../libexec/gcc/:/usr/sw/swgcc/swgcc710-tools-SEA-1208/usr/bin/../lib/gcc/sw_64sw6a-sunway-linux-gnu/7.1.0/../../../../sw_64sw6a-sunway-linux-gnu/bin/:/usr/sw/swgcc/swgcc710-tools-SEA-1208/usr/bin/../lib/gcc/sw_64sw6a-sunway-linux-gnu/7.1.0/../../../../sw_64sw6a-sunway-linux-gnu/../../usr_sw/bin/]
  ignore line: [LIBRARY_PATH=/usr/sw/swgcc/swgcc710-tools-SEA-1208/usr/bin/../lib/gcc/sw_64sw6a-sunway-linux-gnu/7.1.0/:/usr/sw/swgcc/swgcc710-tools-SEA-1208/usr/bin/../lib/gcc/:/usr/sw/swgcc/swgcc710-tools-SEA-1208/usr/bin/../lib/gcc/sw_64sw6a-sunway-linux-gnu/7.1.0/../../../../sw_64sw6a-sunway-linux-gnu/lib/:/usr/sw/swgcc/swgcc710-tools-SEA-1208/usr/bin/../../../swgcc710-tools-SEA-1208/lib/:/usr/sw/swgcc/swgcc710-tools-SEA-1208/usr/bin/../../../swgcc710-tools-SEA-1208/usr/lib/:/usr/sw/swgcc/swgcc710-tools-SEA-1208/usr/bin/../../../swgcc710-tools-SEA-1208/usr_sw/lib/:/usr/sw/swgcc/swgcc710-tools-SEA-1208/usr/bin/../../../swgcc710-tools-SEA-1208/usr_sw/lib/gcc/sw_64sw6a-sunway-linux-gnu/7.1.0/:/usr/sw/swgcc/swgcc710-tools-SEA-1208/usr/bin/../../../swgcc710-tools-SEA-1208/usr_sw/sw_64sw6a-sunway-linux-gnu/lib/]
  ignore line: [COLLECT_GCC_OPTIONS='-v' '-o' 'CMakeFiles/cmTC_05915.dir/CMakeCXXCompilerABI.cpp.o' '-c' '-I' '/usr/sw/mpi/mpi_20210609_SEA/include' '-shared-libgcc' '-mcpu=sw6a']
  ignore line: [Linking CXX executable cmTC_05915]
  ignore line: [/home/export/base/shisuan/swthhpca/online/DIDA-SHARE/3rdParty/cmake-3.16.5/bin/cmake -E cmake_link_script CMakeFiles/cmTC_05915.dir/link.txt --verbose=1]
  ignore line: [/usr/sw/mpi/mpi_current/bin/mpicxx      -v -rdynamic CMakeFiles/cmTC_05915.dir/CMakeCXXCompilerABI.cpp.o  -o cmTC_05915 ]
  ignore line: [mpicxx for MPICH version 3.2b2]
  ignore line: [gmake[1]: Leaving directory `/home/export/online1/mdt00/shisuan/swthhpca/hzd/new-atm-da/LIB/mpal/build/CMakeFiles/CMakeTmp']
  ignore line: []
  ignore line: []
  implicit libs: []
  implicit dirs: []
  implicit fwks: []


Compiling the Fortran compiler identification source file "CMakeFortranCompilerId.F" succeeded.
Compiler: /usr/sw/mpi/mpi_current/bin/mpif90 
Build flags: 
Id flags: -v 

The output was:
0
mpifort for MPICH version 3.2b2


Compilation of the Fortran compiler identification source "CMakeFortranCompilerId.F" produced "a.out"

The Fortran compiler identification is GNU, found in "/home/export/base/shisuan/swthhpca/online/hzd/new-atm-da/LIB/mpal/build/CMakeFiles/3.16.5/CompilerIdFortran/a.out"

Determining if the Fortran compiler works passed with the following output:
Change Dir: /home/export/base/shisuan/swthhpca/online/hzd/new-atm-da/LIB/mpal/build/CMakeFiles/CMakeTmp

Run Build Command(s):/usr/bin/gmake cmTC_c692f/fast && /usr/bin/gmake -f CMakeFiles/cmTC_c692f.dir/build.make CMakeFiles/cmTC_c692f.dir/build
gmake[1]: 进入目录“/home/export/online1/mdt00/shisuan/swthhpca/hzd/new-atm-da/LIB/mpal/build/CMakeFiles/CMakeTmp”
Building Fortran object CMakeFiles/cmTC_c692f.dir/testFortranCompiler.f.o
/usr/sw/mpi/mpi_current/bin/mpif90    -c /home/export/base/shisuan/swthhpca/online/hzd/new-atm-da/LIB/mpal/build/CMakeFiles/CMakeTmp/testFortranCompiler.f -o CMakeFiles/cmTC_c692f.dir/testFortranCompiler.f.o
Linking Fortran executable cmTC_c692f
/home/export/base/shisuan/swthhpca/online/DIDA-SHARE/3rdParty/cmake-3.16.5/bin/cmake -E cmake_link_script CMakeFiles/cmTC_c692f.dir/link.txt --verbose=1
/usr/sw/mpi/mpi_current/bin/mpif90      CMakeFiles/cmTC_c692f.dir/testFortranCompiler.f.o  -o cmTC_c692f 
gmake[1]: 离开目录“/home/export/online1/mdt00/shisuan/swthhpca/hzd/new-atm-da/LIB/mpal/build/CMakeFiles/CMakeTmp”



Detecting Fortran compiler ABI info compiled with the following output:
Change Dir: /home/export/base/shisuan/swthhpca/online/hzd/new-atm-da/LIB/mpal/build/CMakeFiles/CMakeTmp

Run Build Command(s):/usr/bin/gmake cmTC_d3e0e/fast && /usr/bin/gmake -f CMakeFiles/cmTC_d3e0e.dir/build.make CMakeFiles/cmTC_d3e0e.dir/build
gmake[1]: Entering directory `/home/export/online1/mdt00/shisuan/swthhpca/hzd/new-atm-da/LIB/mpal/build/CMakeFiles/CMakeTmp'
Building Fortran object CMakeFiles/cmTC_d3e0e.dir/CMakeFortranCompilerABI.F.o
/usr/sw/mpi/mpi_current/bin/mpif90   -v -c /home/export/base/shisuan/swthhpca/online/DIDA-SHARE/3rdParty/cmake-3.16.5/share/cmake-3.16/Modules/CMakeFortranCompilerABI.F -o CMakeFiles/cmTC_d3e0e.dir/CMakeFortranCompilerABI.F.o
mpifort for MPICH version 3.2b2
Reading specs from /usr/sw/swgcc/swgcc710-tools-SEA-1208/usr/bin/../lib/gcc/sw_64sw6a-sunway-linux-gnu/7.1.0/specs
COLLECT_GCC=swgfortran
Target: sw_64sw6a-sunway-linux-gnu
Configured with: /usr1/comp9/swgcc710/gcc-7.1.0/configure --prefix=/usr1/comp9/swgcc710-tools-SEA-1208/usr --with-gmp=/usr1/comp9/swgcc710-tools-SEA-1208/usr/lib_for_gcc --with-mpfr=/usr1/comp9/swgcc710-tools-SEA-1208/usr/lib_for_gcc --with-isl=/usr1/comp9/swgcc710-tools-SEA-1208/usr/lib_for_gcc --enable-shared --enable-languages=c,c++,fortran --build=x86_64-redhat-linux --host=x86_64-redhat-linux --target=sw_64sw6a-sunway-linux-gnu --disable-multilib --enable-c99 --enable-long-long --enable-threads=posix --enable-__cxa_atexit --disable-nls --disable-libgcc_slave --disable-libgfortran_slave --disable-libstdcxx_slave --with-sysroot=/usr1/comp9/swgcc710-tools-SEA-1208 CFLAGS='-g -gdwarf-2' CXXFLAGS='-g -gdwarf-2' --disable-werror
Thread model: posix
gcc version 7.1.0 20170502 (swgcc-1208 Committer: zhuq <zhuq9@localhost.localdomain> by comp9 at localhost.localdomain on Thu Feb 18 20:32:34 CST 2021) (GCC) 
COLLECT_GCC_OPTIONS='-v' '-c' '-o' 'CMakeFiles/cmTC_d3e0e.dir/CMakeFortranCompilerABI.F.o' '-I' '/usr/sw/mpi/mpi_20210609_SEA/include' '-I' '/usr/sw/mpi/mpi_20210609_SEA/include' '-mcpu=sw6a'
 /usr/sw/swgcc/swgcc710-tools-SEA-1208/usr/bin/../libexec/gcc/sw_64sw6a-sunway-linux-gnu/7.1.0/f951 /home/export/base/shisuan/swthhpca/online/DIDA-SHARE/3rdParty/cmake-3.16.5/share/cmake-3.16/Modules/CMakeFortranCompilerABI.F -ffixed-form -cpp=/tmp/ccFuHUYL.f90 -quiet -v -I /usr/sw/mpi/mpi_20210609_SEA/include -I /usr/sw/mpi/mpi_20210609_SEA/include -iprefix /usr/sw/swgcc/swgcc710-tools-SEA-1208/usr/bin/../lib/gcc/sw_64sw6a-sunway-linux-gnu/7.1.0/ -isysroot /usr/sw/swgcc/swgcc710-tools-SEA-1208/usr/bin/../../../swgcc710-tools-SEA-1208 -D_SIMD_HOST /home/export/base/shisuan/swthhpca/online/DIDA-SHARE/3rdParty/cmake-3.16.5/share/cmake-3.16/Modules/CMakeFortranCompilerABI.F -quiet -dumpbase CMakeFortranCompilerABI.F -mcpu=sw6a -auxbase-strip CMakeFiles/cmTC_d3e0e.dir/CMakeFortranCompilerABI.F.o -version -D_SIMD_HOST -fintrinsic-modules-path /usr/sw/swgcc/swgcc710-tools-SEA-1208/usr/bin/../lib/gcc/sw_64sw6a-sunway-linux-gnu/7.1.0/finclude -o /tmp/ccfqS7jL.s
GNU Fortran (GCC) version 7.1.0 20170502 (swgcc-1208 Committer: zhuq <zhuq9@localhost.localdomain> by comp9 at localhost.localdomain on Thu Feb 18 20:32:34 CST 2021) (sw_64sw6a-sunway-linux-gnu)
	compiled by GNU C version 4.8.5 20150623 (Red Hat 4.8.5-16), GMP version 6.1.0, MPFR version 3.1.4, MPC version 1.0.3, isl version isl-0.15-GMP

GGC heuristics: --param ggc-min-expand=100 --param ggc-min-heapsize=131072
ignoring duplicate directory "/usr/sw/swgcc/swgcc710-tools-SEA-1208/usr/bin/../lib/gcc/../../lib/gcc/sw_64sw6a-sunway-linux-gnu/7.1.0/include"
ignoring nonexistent directory "/usr/sw/swgcc/swgcc710-tools-SEA-1208/usr/bin/../../../swgcc710-tools-SEA-1208/usr/local/include"
ignoring duplicate directory "/usr/sw/swgcc/swgcc710-tools-SEA-1208/usr/bin/../lib/gcc/../../lib/gcc/sw_64sw6a-sunway-linux-gnu/7.1.0/include-fixed"
ignoring duplicate directory "/usr/sw/swgcc/swgcc710-tools-SEA-1208/usr/bin/../lib/gcc/../../lib/gcc/sw_64sw6a-sunway-linux-gnu/7.1.0/../../../../sw_64sw6a-sunway-linux-gnu/include"
ignoring duplicate directory "/usr/sw/swgcc/swgcc710-tools-SEA-1208/usr/bin/../../../swgcc710-tools-SEA-1208/usr/include"
ignoring duplicate directory "/usr/sw/mpi/mpi_20210609_SEA/include"
#include "..." search starts here:
#include <...> search starts here:
 /usr/sw/mpi/mpi_20210609_SEA/include
 /usr/sw/swgcc/swgcc710-tools-SEA-1208/usr/bin/../lib/gcc/sw_64sw6a-sunway-linux-gnu/7.1.0/finclude
 /usr/sw/swgcc/swgcc710-tools-SEA-1208/usr/bin/../lib/gcc/sw_64sw6a-sunway-linux-gnu/7.1.0/include
 /usr/sw/swgcc/swgcc710-tools-SEA-1208/usr/bin/../lib/gcc/sw_64sw6a-sunway-linux-gnu/7.1.0/include-fixed
 /usr/sw/swgcc/swgcc710-tools-SEA-1208/usr/bin/../lib/gcc/sw_64sw6a-sunway-linux-gnu/7.1.0/../../../../sw_64sw6a-sunway-linux-gnu/include
 /usr/sw/swgcc/swgcc710-tools-SEA-1208/usr/bin/../../../swgcc710-tools-SEA-1208/shared_include
End of search list.
GNU Fortran2008 (GCC) version 7.1.0 20170502 (swgcc-1208 Committer: zhuq <zhuq9@localhost.localdomain> by comp9 at localhost.localdomain on Thu Feb 18 20:32:34 CST 2021) (sw_64sw6a-sunway-linux-gnu)
	compiled by GNU C version 4.8.5 20150623 (Red Hat 4.8.5-16), GMP version 6.1.0, MPFR version 3.1.4, MPC version 1.0.3, isl version isl-0.15-GMP

GGC heuristics: --param ggc-min-expand=100 --param ggc-min-heapsize=131072
COLLECT_GCC_OPTIONS='-v' '-c' '-o' 'CMakeFiles/cmTC_d3e0e.dir/CMakeFortranCompilerABI.F.o' '-I' '/usr/sw/mpi/mpi_20210609_SEA/include' '-I' '/usr/sw/mpi/mpi_20210609_SEA/include' '-mcpu=sw6a'
 /usr/sw/swgcc/swgcc710-tools-SEA-1208/usr/bin/../lib/gcc/sw_64sw6a-sunway-linux-gnu/7.1.0/../../../../sw_64sw6a-sunway-linux-gnu/bin/as -v -I /usr/sw/mpi/mpi_20210609_SEA/include -I /usr/sw/mpi/mpi_20210609_SEA/include -no-mdebug -msw6a -o CMakeFiles/cmTC_d3e0e.dir/CMakeFortranCompilerABI.F.o /tmp/ccfqS7jL.s
GNU assembler version 2.24 (sw_64sw6a-sunway-linux-gnu) using BFD version (GNU Binutils) 2.24
COMPILER_PATH=/usr/sw/swgcc/swgcc710-tools-SEA-1208/usr/bin/../libexec/gcc/sw_64sw6a-sunway-linux-gnu/7.1.0/:/usr/sw/swgcc/swgcc710-tools-SEA-1208/usr/bin/../libexec/gcc/:/usr/sw/swgcc/swgcc710-tools-SEA-1208/usr/bin/../lib/gcc/sw_64sw6a-sunway-linux-gnu/7.1.0/../../../../sw_64sw6a-sunway-linux-gnu/bin/:/usr/sw/swgcc/swgcc710-tools-SEA-1208/usr/bin/../lib/gcc/sw_64sw6a-sunway-linux-gnu/7.1.0/../../../../sw_64sw6a-sunway-linux-gnu/../../usr_sw/bin/
LIBRARY_PATH=/usr/sw/swgcc/swgcc710-tools-SEA-1208/usr/bin/../lib/gcc/sw_64sw6a-sunway-linux-gnu/7.1.0/:/usr/sw/swgcc/swgcc710-tools-SEA-1208/usr/bin/../lib/gcc/:/usr/sw/swgcc/swgcc710-tools-SEA-1208/usr/bin/../lib/gcc/sw_64sw6a-sunway-linux-gnu/7.1.0/../../../../sw_64sw6a-sunway-linux-gnu/lib/:/usr/sw/swgcc/swgcc710-tools-SEA-1208/usr/bin/../../../swgcc710-tools-SEA-1208/lib/:/usr/sw/swgcc/swgcc710-tools-SEA-1208/usr/bin/../../../swgcc710-tools-SEA-1208/usr/lib/:/usr/sw/swgcc/swgcc710-tools-SEA-1208/usr/bin/../../../swgcc710-tools-SEA-1208/usr_sw/lib/:/usr/sw/swgcc/swgcc710-tools-SEA-1208/usr/bin/../../../swgcc710-tools-SEA-1208/usr_sw/lib/gcc/sw_64sw6a-sunway-linux-gnu/7.1.0/:/usr/sw/swgcc/swgcc710-tools-SEA-1208/usr/bin/../../../swgcc710-tools-SEA-1208/usr_sw/sw_64sw6a-sunway-linux-gnu/lib/
COLLECT_GCC_OPTIONS='-v' '-c' '-o' 'CMakeFiles/cmTC_d3e0e.dir/CMakeFortranCompilerABI.F.o' '-I' '/usr/sw/mpi/mpi_20210609_SEA/include' '-I' '/usr/sw/mpi/mpi_20210609_SEA/include' '-mcpu=sw6a'
Linking Fortran executable cmTC_d3e0e
/home/export/base/shisuan/swthhpca/online/DIDA-SHARE/3rdParty/cmake-3.16.5/bin/cmake -E cmake_link_script CMakeFiles/cmTC_d3e0e.dir/link.txt --verbose=1
/usr/sw/mpi/mpi_current/bin/mpif90   -v   CMakeFiles/cmTC_d3e0e.dir/CMakeFortranCompilerABI.F.o  -o cmTC_d3e0e 
mpifort for MPICH version 3.2b2
gmake[1]: Leaving directory `/home/export/online1/mdt00/shisuan/swthhpca/hzd/new-atm-da/LIB/mpal/build/CMakeFiles/CMakeTmp'



Parsed Fortran implicit include dir info from above output: rv=done
  found start of include info
  found start of implicit include info
    add: [/usr/sw/mpi/mpi_20210609_SEA/include]
    add: [/usr/sw/swgcc/swgcc710-tools-SEA-1208/usr/bin/../lib/gcc/sw_64sw6a-sunway-linux-gnu/7.1.0/finclude]
    add: [/usr/sw/swgcc/swgcc710-tools-SEA-1208/usr/bin/../lib/gcc/sw_64sw6a-sunway-linux-gnu/7.1.0/include]
    add: [/usr/sw/swgcc/swgcc710-tools-SEA-1208/usr/bin/../lib/gcc/sw_64sw6a-sunway-linux-gnu/7.1.0/include-fixed]
    add: [/usr/sw/swgcc/swgcc710-tools-SEA-1208/usr/bin/../lib/gcc/sw_64sw6a-sunway-linux-gnu/7.1.0/../../../../sw_64sw6a-sunway-linux-gnu/include]
    add: [/usr/sw/swgcc/swgcc710-tools-SEA-1208/usr/bin/../../../swgcc710-tools-SEA-1208/shared_include]
  end of search list found
  collapse include dir [/usr/sw/mpi/mpi_20210609_SEA/include] ==> [/usr/sw/mpi/mpi_20210609_SEA/include]
  collapse include dir [/usr/sw/swgcc/swgcc710-tools-SEA-1208/usr/bin/../lib/gcc/sw_64sw6a-sunway-linux-gnu/7.1.0/finclude] ==> [/usr/sw/swgcc/swgcc710-tools-SEA-1208/usr/lib/gcc/sw_64sw6a-sunway-linux-gnu/7.1.0/finclude]
  collapse include dir [/usr/sw/swgcc/swgcc710-tools-SEA-1208/usr/bin/../lib/gcc/sw_64sw6a-sunway-linux-gnu/7.1.0/include] ==> [/usr/sw/swgcc/swgcc710-tools-SEA-1208/usr/lib/gcc/sw_64sw6a-sunway-linux-gnu/7.1.0/include]
  collapse include dir [/usr/sw/swgcc/swgcc710-tools-SEA-1208/usr/bin/../lib/gcc/sw_64sw6a-sunway-linux-gnu/7.1.0/include-fixed] ==> [/usr/sw/swgcc/swgcc710-tools-SEA-1208/usr/lib/gcc/sw_64sw6a-sunway-linux-gnu/7.1.0/include-fixed]
  collapse include dir [/usr/sw/swgcc/swgcc710-tools-SEA-1208/usr/bin/../lib/gcc/sw_64sw6a-sunway-linux-gnu/7.1.0/../../../../sw_64sw6a-sunway-linux-gnu/include] ==> [/usr/sw/swgcc/swgcc710-tools-SEA-1208/usr/sw_64sw6a-sunway-linux-gnu/include]
  collapse include dir [/usr/sw/swgcc/swgcc710-tools-SEA-1208/usr/bin/../../../swgcc710-tools-SEA-1208/shared_include] ==> [/usr/sw/swgcc/swgcc710-tools-SEA-1208/shared_include]
  implicit include dirs: [/usr/sw/mpi/mpi_20210609_SEA/include;/usr/sw/swgcc/swgcc710-tools-SEA-1208/usr/lib/gcc/sw_64sw6a-sunway-linux-gnu/7.1.0/finclude;/usr/sw/swgcc/swgcc710-tools-SEA-1208/usr/lib/gcc/sw_64sw6a-sunway-linux-gnu/7.1.0/include;/usr/sw/swgcc/swgcc710-tools-SEA-1208/usr/lib/gcc/sw_64sw6a-sunway-linux-gnu/7.1.0/include-fixed;/usr/sw/swgcc/swgcc710-tools-SEA-1208/usr/sw_64sw6a-sunway-linux-gnu/include;/usr/sw/swgcc/swgcc710-tools-SEA-1208/shared_include]


Parsed Fortran implicit link information from above output:
  link line regex: [^( *|.*[/\])(ld|CMAKE_LINK_STARTFILE-NOTFOUND|([^/\]+-)?ld|collect2)[^/\]*( |$)]
  ignore line: [Change Dir: /home/export/base/shisuan/swthhpca/online/hzd/new-atm-da/LIB/mpal/build/CMakeFiles/CMakeTmp]
  ignore line: []
  ignore line: [Run Build Command(s):/usr/bin/gmake cmTC_d3e0e/fast && /usr/bin/gmake -f CMakeFiles/cmTC_d3e0e.dir/build.make CMakeFiles/cmTC_d3e0e.dir/build]
  ignore line: [gmake[1]: Entering directory `/home/export/online1/mdt00/shisuan/swthhpca/hzd/new-atm-da/LIB/mpal/build/CMakeFiles/CMakeTmp']
  ignore line: [Building Fortran object CMakeFiles/cmTC_d3e0e.dir/CMakeFortranCompilerABI.F.o]
  ignore line: [/usr/sw/mpi/mpi_current/bin/mpif90   -v -c /home/export/base/shisuan/swthhpca/online/DIDA-SHARE/3rdParty/cmake-3.16.5/share/cmake-3.16/Modules/CMakeFortranCompilerABI.F -o CMakeFiles/cmTC_d3e0e.dir/CMakeFortranCompilerABI.F.o]
  ignore line: [mpifort for MPICH version 3.2b2]
  ignore line: [Reading specs from /usr/sw/swgcc/swgcc710-tools-SEA-1208/usr/bin/../lib/gcc/sw_64sw6a-sunway-linux-gnu/7.1.0/specs]
  ignore line: [COLLECT_GCC=swgfortran]
  ignore line: [Target: sw_64sw6a-sunway-linux-gnu]
  ignore line: [Configured with: /usr1/comp9/swgcc710/gcc-7.1.0/configure --prefix=/usr1/comp9/swgcc710-tools-SEA-1208/usr --with-gmp=/usr1/comp9/swgcc710-tools-SEA-1208/usr/lib_for_gcc --with-mpfr=/usr1/comp9/swgcc710-tools-SEA-1208/usr/lib_for_gcc --with-isl=/usr1/comp9/swgcc710-tools-SEA-1208/usr/lib_for_gcc --enable-shared --enable-languages=c c++ fortran --build=x86_64-redhat-linux --host=x86_64-redhat-linux --target=sw_64sw6a-sunway-linux-gnu --disable-multilib --enable-c99 --enable-long-long --enable-threads=posix --enable-__cxa_atexit --disable-nls --disable-libgcc_slave --disable-libgfortran_slave --disable-libstdcxx_slave --with-sysroot=/usr1/comp9/swgcc710-tools-SEA-1208 CFLAGS='-g -gdwarf-2' CXXFLAGS='-g -gdwarf-2' --disable-werror]
  ignore line: [Thread model: posix]
  ignore line: [gcc version 7.1.0 20170502 (swgcc-1208 Committer: zhuq <zhuq9@localhost.localdomain> by comp9 at localhost.localdomain on Thu Feb 18 20:32:34 CST 2021) (GCC) ]
  ignore line: [COLLECT_GCC_OPTIONS='-v' '-c' '-o' 'CMakeFiles/cmTC_d3e0e.dir/CMakeFortranCompilerABI.F.o' '-I' '/usr/sw/mpi/mpi_20210609_SEA/include' '-I' '/usr/sw/mpi/mpi_20210609_SEA/include' '-mcpu=sw6a']
  ignore line: [ /usr/sw/swgcc/swgcc710-tools-SEA-1208/usr/bin/../libexec/gcc/sw_64sw6a-sunway-linux-gnu/7.1.0/f951 /home/export/base/shisuan/swthhpca/online/DIDA-SHARE/3rdParty/cmake-3.16.5/share/cmake-3.16/Modules/CMakeFortranCompilerABI.F -ffixed-form -cpp=/tmp/ccFuHUYL.f90 -quiet -v -I /usr/sw/mpi/mpi_20210609_SEA/include -I /usr/sw/mpi/mpi_20210609_SEA/include -iprefix /usr/sw/swgcc/swgcc710-tools-SEA-1208/usr/bin/../lib/gcc/sw_64sw6a-sunway-linux-gnu/7.1.0/ -isysroot /usr/sw/swgcc/swgcc710-tools-SEA-1208/usr/bin/../../../swgcc710-tools-SEA-1208 -D_SIMD_HOST /home/export/base/shisuan/swthhpca/online/DIDA-SHARE/3rdParty/cmake-3.16.5/share/cmake-3.16/Modules/CMakeFortranCompilerABI.F -quiet -dumpbase CMakeFortranCompilerABI.F -mcpu=sw6a -auxbase-strip CMakeFiles/cmTC_d3e0e.dir/CMakeFortranCompilerABI.F.o -version -D_SIMD_HOST -fintrinsic-modules-path /usr/sw/swgcc/swgcc710-tools-SEA-1208/usr/bin/../lib/gcc/sw_64sw6a-sunway-linux-gnu/7.1.0/finclude -o /tmp/ccfqS7jL.s]
  ignore line: [GNU Fortran (GCC) version 7.1.0 20170502 (swgcc-1208 Committer: zhuq <zhuq9@localhost.localdomain> by comp9 at localhost.localdomain on Thu Feb 18 20:32:34 CST 2021) (sw_64sw6a-sunway-linux-gnu)]
  ignore line: [	compiled by GNU C version 4.8.5 20150623 (Red Hat 4.8.5-16)  GMP version 6.1.0  MPFR version 3.1.4  MPC version 1.0.3  isl version isl-0.15-GMP]
  ignore line: []
  ignore line: [GGC heuristics: --param ggc-min-expand=100 --param ggc-min-heapsize=131072]
  ignore line: [ignoring duplicate directory "/usr/sw/swgcc/swgcc710-tools-SEA-1208/usr/bin/../lib/gcc/../../lib/gcc/sw_64sw6a-sunway-linux-gnu/7.1.0/include"]
  ignore line: [ignoring nonexistent directory "/usr/sw/swgcc/swgcc710-tools-SEA-1208/usr/bin/../../../swgcc710-tools-SEA-1208/usr/local/include"]
  ignore line: [ignoring duplicate directory "/usr/sw/swgcc/swgcc710-tools-SEA-1208/usr/bin/../lib/gcc/../../lib/gcc/sw_64sw6a-sunway-linux-gnu/7.1.0/include-fixed"]
  ignore line: [ignoring duplicate directory "/usr/sw/swgcc/swgcc710-tools-SEA-1208/usr/bin/../lib/gcc/../../lib/gcc/sw_64sw6a-sunway-linux-gnu/7.1.0/../../../../sw_64sw6a-sunway-linux-gnu/include"]
  ignore line: [ignoring duplicate directory "/usr/sw/swgcc/swgcc710-tools-SEA-1208/usr/bin/../../../swgcc710-tools-SEA-1208/usr/include"]
  ignore line: [ignoring duplicate directory "/usr/sw/mpi/mpi_20210609_SEA/include"]
  ignore line: [#include "..." search starts here:]
  ignore line: [#include <...> search starts here:]
  ignore line: [ /usr/sw/mpi/mpi_20210609_SEA/include]
  ignore line: [ /usr/sw/swgcc/swgcc710-tools-SEA-1208/usr/bin/../lib/gcc/sw_64sw6a-sunway-linux-gnu/7.1.0/finclude]
  ignore line: [ /usr/sw/swgcc/swgcc710-tools-SEA-1208/usr/bin/../lib/gcc/sw_64sw6a-sunway-linux-gnu/7.1.0/include]
  ignore line: [ /usr/sw/swgcc/swgcc710-tools-SEA-1208/usr/bin/../lib/gcc/sw_64sw6a-sunway-linux-gnu/7.1.0/include-fixed]
  ignore line: [ /usr/sw/swgcc/swgcc710-tools-SEA-1208/usr/bin/../lib/gcc/sw_64sw6a-sunway-linux-gnu/7.1.0/../../../../sw_64sw6a-sunway-linux-gnu/include]
  ignore line: [ /usr/sw/swgcc/swgcc710-tools-SEA-1208/usr/bin/../../../swgcc710-tools-SEA-1208/shared_include]
  ignore line: [End of search list.]
  ignore line: [GNU Fortran2008 (GCC) version 7.1.0 20170502 (swgcc-1208 Committer: zhuq <zhuq9@localhost.localdomain> by comp9 at localhost.localdomain on Thu Feb 18 20:32:34 CST 2021) (sw_64sw6a-sunway-linux-gnu)]
  ignore line: [	compiled by GNU C version 4.8.5 20150623 (Red Hat 4.8.5-16)  GMP version 6.1.0  MPFR version 3.1.4  MPC version 1.0.3  isl version isl-0.15-GMP]
  ignore line: []
  ignore line: [GGC heuristics: --param ggc-min-expand=100 --param ggc-min-heapsize=131072]
  ignore line: [COLLECT_GCC_OPTIONS='-v' '-c' '-o' 'CMakeFiles/cmTC_d3e0e.dir/CMakeFortranCompilerABI.F.o' '-I' '/usr/sw/mpi/mpi_20210609_SEA/include' '-I' '/usr/sw/mpi/mpi_20210609_SEA/include' '-mcpu=sw6a']
  ignore line: [ /usr/sw/swgcc/swgcc710-tools-SEA-1208/usr/bin/../lib/gcc/sw_64sw6a-sunway-linux-gnu/7.1.0/../../../../sw_64sw6a-sunway-linux-gnu/bin/as -v -I /usr/sw/mpi/mpi_20210609_SEA/include -I /usr/sw/mpi/mpi_20210609_SEA/include -no-mdebug -msw6a -o CMakeFiles/cmTC_d3e0e.dir/CMakeFortranCompilerABI.F.o /tmp/ccfqS7jL.s]
  ignore line: [GNU assembler version 2.24 (sw_64sw6a-sunway-linux-gnu) using BFD version (GNU Binutils) 2.24]
  ignore line: [COMPILER_PATH=/usr/sw/swgcc/swgcc710-tools-SEA-1208/usr/bin/../libexec/gcc/sw_64sw6a-sunway-linux-gnu/7.1.0/:/usr/sw/swgcc/swgcc710-tools-SEA-1208/usr/bin/../libexec/gcc/:/usr/sw/swgcc/swgcc710-tools-SEA-1208/usr/bin/../lib/gcc/sw_64sw6a-sunway-linux-gnu/7.1.0/../../../../sw_64sw6a-sunway-linux-gnu/bin/:/usr/sw/swgcc/swgcc710-tools-SEA-1208/usr/bin/../lib/gcc/sw_64sw6a-sunway-linux-gnu/7.1.0/../../../../sw_64sw6a-sunway-linux-gnu/../../usr_sw/bin/]
  ignore line: [LIBRARY_PATH=/usr/sw/swgcc/swgcc710-tools-SEA-1208/usr/bin/../lib/gcc/sw_64sw6a-sunway-linux-gnu/7.1.0/:/usr/sw/swgcc/swgcc710-tools-SEA-1208/usr/bin/../lib/gcc/:/usr/sw/swgcc/swgcc710-tools-SEA-1208/usr/bin/../lib/gcc/sw_64sw6a-sunway-linux-gnu/7.1.0/../../../../sw_64sw6a-sunway-linux-gnu/lib/:/usr/sw/swgcc/swgcc710-tools-SEA-1208/usr/bin/../../../swgcc710-tools-SEA-1208/lib/:/usr/sw/swgcc/swgcc710-tools-SEA-1208/usr/bin/../../../swgcc710-tools-SEA-1208/usr/lib/:/usr/sw/swgcc/swgcc710-tools-SEA-1208/usr/bin/../../../swgcc710-tools-SEA-1208/usr_sw/lib/:/usr/sw/swgcc/swgcc710-tools-SEA-1208/usr/bin/../../../swgcc710-tools-SEA-1208/usr_sw/lib/gcc/sw_64sw6a-sunway-linux-gnu/7.1.0/:/usr/sw/swgcc/swgcc710-tools-SEA-1208/usr/bin/../../../swgcc710-tools-SEA-1208/usr_sw/sw_64sw6a-sunway-linux-gnu/lib/]
  ignore line: [COLLECT_GCC_OPTIONS='-v' '-c' '-o' 'CMakeFiles/cmTC_d3e0e.dir/CMakeFortranCompilerABI.F.o' '-I' '/usr/sw/mpi/mpi_20210609_SEA/include' '-I' '/usr/sw/mpi/mpi_20210609_SEA/include' '-mcpu=sw6a']
  ignore line: [Linking Fortran executable cmTC_d3e0e]
  ignore line: [/home/export/base/shisuan/swthhpca/online/DIDA-SHARE/3rdParty/cmake-3.16.5/bin/cmake -E cmake_link_script CMakeFiles/cmTC_d3e0e.dir/link.txt --verbose=1]
  ignore line: [/usr/sw/mpi/mpi_current/bin/mpif90   -v   CMakeFiles/cmTC_d3e0e.dir/CMakeFortranCompilerABI.F.o  -o cmTC_d3e0e ]
  ignore line: [mpifort for MPICH version 3.2b2]
  ignore line: [gmake[1]: Leaving directory `/home/export/online1/mdt00/shisuan/swthhpca/hzd/new-atm-da/LIB/mpal/build/CMakeFiles/CMakeTmp']
  ignore line: []
  ignore line: []
  implicit libs: []
  implicit dirs: []
  implicit fwks: []


Determining if the Fortran compiler supports Fortran 90 passed with the following output:
Change Dir: /home/export/base/shisuan/swthhpca/online/hzd/new-atm-da/LIB/mpal/build/CMakeFiles/CMakeTmp

Run Build Command(s):/usr/bin/gmake cmTC_c318e/fast && /usr/bin/gmake -f CMakeFiles/cmTC_c318e.dir/build.make CMakeFiles/cmTC_c318e.dir/build
gmake[1]: 进入目录“/home/export/online1/mdt00/shisuan/swthhpca/hzd/new-atm-da/LIB/mpal/build/CMakeFiles/CMakeTmp”
Building Fortran object CMakeFiles/cmTC_c318e.dir/testFortranCompilerF90.f90.o
/usr/sw/mpi/mpi_current/bin/mpif90    -c /home/export/base/shisuan/swthhpca/online/hzd/new-atm-da/LIB/mpal/build/CMakeFiles/CMakeTmp/testFortranCompilerF90.f90 -o CMakeFiles/cmTC_c318e.dir/testFortranCompilerF90.f90.o
Linking Fortran executable cmTC_c318e
/home/export/base/shisuan/swthhpca/online/DIDA-SHARE/3rdParty/cmake-3.16.5/bin/cmake -E cmake_link_script CMakeFiles/cmTC_c318e.dir/link.txt --verbose=1
/usr/sw/mpi/mpi_current/bin/mpif90      CMakeFiles/cmTC_c318e.dir/testFortranCompilerF90.f90.o  -o cmTC_c318e 
gmake[1]: 离开目录“/home/export/online1/mdt00/shisuan/swthhpca/hzd/new-atm-da/LIB/mpal/build/CMakeFiles/CMakeTmp”



