start time: 2000-01-05 00:00:00
numtime: 5
myrank: 2 2 3
ps
181.12360365242117
158.99440467714558
[[181.12360365242117, 158.99440467714558]]
ps
186.58941427481298
161.42899250956816
[[181.12360365242117, 158.99440467714558], [186.58941427481298, 161.42899250956816]]
ps
246.14110440620289
224.83290263999663
[[181.12360365242117, 158.99440467714558], [186.58941427481298, 161.42899250956816], [246.14110440620289, 224.83290263999663]]
ps
230.5137300408908
194.26020003063763
[[181.12360365242117, 158.99440467714558], [186.58941427481298, 161.42899250956816], [246.14110440620289, 224.83290263999663], [230.5137300408908, 194.26020003063763]]
ps
158.7791992934041
113.00101783790161
[[181.12360365242117, 158.99440467714558], [186.58941427481298, 161.42899250956816], [246.14110440620289, 224.83290263999663], [230.5137300408908, 194.26020003063763], [158.7791992934041, 113.00101783790161]]
start time: 2000-01-05 00:00:00
numtime: 5
myrank: 1 1 2
pt
0.7543010130621478
0.723428165453569
[[0.7543010130621478, 0.723428165453569]]
pt
0.680105963789277
0.6441997321093843
[[0.7543010130621478, 0.723428165453569], [0.680105963789277, 0.6441997321093843]]
pt
0.6415710720718646
0.6238463799603906
[[0.7543010130621478, 0.723428165453569], [0.680105963789277, 0.6441997321093843], [0.6415710720718646, 0.6238463799603906]]
pt
0.8816176547404867
0.8590357116883444
[[0.7543010130621478, 0.723428165453569], [0.680105963789277, 0.6441997321093843], [0.6415710720718646, 0.6238463799603906], [0.8816176547404867, 0.8590357116883444]]
pt
0.9163031890932597
0.8896783838125825
[[0.7543010130621478, 0.723428165453569], [0.680105963789277, 0.6441997321093843], [0.6415710720718646, 0.6238463799603906], [0.8816176547404867, 0.8590357116883444], [0.9163031890932597, 0.8896783838125825]]
start time: 2000-01-05 00:00:00
numtime: 5
myrank: 0 0 1
u
1.3638661799873986
1.2411575011923306
[[1.3638661799873986, 1.2411575011923306]]
u
1.9719529833625982
1.8990189434743199
[[1.3638661799873986, 1.2411575011923306], [1.9719529833625982, 1.8990189434743199]]
u
2.3959574444523963
2.3019610154124064
[[1.3638661799873986, 1.2411575011923306], [1.9719529833625982, 1.8990189434743199], [2.3959574444523963, 2.3019610154124064]]
u
1.7176917616710907
1.6381897673051038
[[1.3638661799873986, 1.2411575011923306], [1.9719529833625982, 1.8990189434743199], [2.3959574444523963, 2.3019610154124064], [1.7176917616710907, 1.6381897673051038]]
u
1.9342288742485347
1.8513211708797213
[[1.3638661799873986, 1.2411575011923306], [1.9719529833625982, 1.8990189434743199], [2.3959574444523963, 2.3019610154124064], [1.7176917616710907, 1.6381897673051038], [1.9342288742485347, 1.8513211708797213]]
